<?xml version="1.0" encoding="UTF-8"?>
<!-- Generated by org.testng.reporters.JUnitReportReporter -->
<testsuite hostname="DESKTOP-R086M19" failures="0" tests="1" name="test.Ffkinvalidlogin" time="4.124" errors="0" timestamp="2023-07-18T16:19:08 IST" skipped="0">
  <testcase classname="test.Ffkinvalidlogin" name="test3" time="4.124"/>
  <system-out/>
</testsuite> <!-- test.Ffkinvalidlogin -->
