<?xml version="1.0" encoding="UTF-8"?>
<!-- Generated by org.testng.reporters.JUnitReportReporter -->
<testsuite hostname="DESKTOP-R086M19" failures="0" tests="1" name="test.Ffhloginpg" time="4.134" errors="0" timestamp="2023-07-02T18:55:10 IST" skipped="0">
  <testcase classname="test.Ffhloginpg" name="login" time="4.134"/>
  <system-out/>
</testsuite> <!-- test.Ffhloginpg -->
