<?xml version="1.0" encoding="UTF-8"?>
<!-- Generated by org.testng.reporters.JUnitReportReporter -->
<testsuite hostname="DESKTOP-R086M19" failures="0" tests="1" name="test.Fridologin" time="5.955" errors="0" timestamp="2023-07-02T19:03:21 IST" skipped="0">
  <testcase classname="test.Fridologin" name="test1" time="5.955"/>
  <system-out/>
</testsuite> <!-- test.Fridologin -->
